<?xml version="1.0" encoding="UTF-8"?>
<!-- Generated by org.testng.reporters.JUnitReportReporter -->
<testsuite skipped="0" hostname="DESKTOP-FCDS32J" name="com.travelagilewa.test.Testcases" tests="4" failures="0" timestamp="2022-03-21T14:34:29 EDT" time="17.233" errors="0">
  <testcase name="loginTest" time="6.116" classname="com.travelagilewa.test.Testcases"/>
  <system-out/>
  <testcase name="userflight" time="3.866" classname="com.travelagilewa.test.Testcases"/>
  <system-out/>
  <testcase name="userinfo" time="3.752" classname="com.travelagilewa.test.Testcases"/>
  <system-out/>
  <testcase name="pay" time="3.499" classname="com.travelagilewa.test.Testcases"/>
  <system-out/>
</testsuite> <!-- com.travelagilewa.test.Testcases -->
